<?xml version="1.0" encoding="UTF-8"?>
<!-- Generated by org.testng.reporters.JUnitReportReporter -->
<testsuite hostname="IN-6KJ9WP3" failures="0" tests="3" name="com.MyTests.LoginTest" time="25.292" errors="0" timestamp="29 Apr 2023 12:21:51 GMT" skipped="0">
  <testcase classname="com.MyTests.LoginTest" name="verifyLoginPageTitleTest" time="7.866"/>
  <testcase classname="com.MyTests.LoginTest" name="verifyLoginPageHeader" time="8.128"/>
  <testcase classname="com.MyTests.LoginTest" name="doLoginTest" time="9.298"/>
</testsuite> <!-- com.MyTests.LoginTest -->
